<?xml version="1.0" encoding="UTF-8"?>
<testng-results ignored="0" total="1" passed="1" failed="0" skipped="0">
  <reporter-output>
  </reporter-output>
  <suite started-at="2020-12-06T18:38:09 IST" name="Default suite" finished-at="2020-12-06T18:38:49 IST" duration-ms="39944">
    <groups>
    </groups>
    <test started-at="2020-12-06T18:38:09 IST" name="Default test" finished-at="2020-12-06T18:38:49 IST" duration-ms="39944">
      <class name="MvnPackage.Screenshot">
        <test-method signature="demo()[pri:0, instance:MvnPackage.Screenshot@2f465398]" started-at="2020-12-06T18:38:09 IST" name="demo" finished-at="2020-12-06T18:38:49 IST" duration-ms="39863" status="PASS">
          <reporter-output>
          </reporter-output>
        </test-method> <!-- demo -->
      </class> <!-- MvnPackage.Screenshot -->
    </test> <!-- Default test -->
  </suite> <!-- Default suite -->
</testng-results>
